#
# There is insufficient memory for the Java Runtime Environment to continue.
# Native memory allocation (malloc) failed to allocate 987520 bytes for Chunk::new
# Possible reasons:
#   The system is out of physical RAM or swap space
#   The process is running with CompressedOops enabled, and the Java Heap may be blocking the growth of the native heap
# Possible solutions:
#   Reduce memory load on the system
#   Increase physical memory or swap space
#   Check if swap backing store is full
#   Decrease Java heap size (-Xmx/-Xms)
#   Decrease number of Java threads
#   Decrease Java thread stack sizes (-Xss)
#   Set larger code cache with -XX:ReservedCodeCacheSize=
#   JVM is running with Unscaled Compressed Oops mode in which the Java heap is
#     placed in the first 4GB address space. The Java Heap base address is the
#     maximum limit for the native heap growth. Please use -XX:HeapBaseMinAddress
#     to set the Java Heap base and to place the Java Heap above 4GB virtual address.
# This output file may be truncated or incomplete.
#
#  Out of Memory Error (allocation.cpp:389), pid=21776, tid=0x0000000000001bb0
#
# JRE version: OpenJDK Runtime Environment (8.0_202-b03) (build 1.8.0_202-release-1483-b03)
# Java VM: OpenJDK 64-Bit Server VM (25.202-b03 mixed mode windows-amd64 compressed oops)
# Failed to write core dump. Minidumps are not enabled by default on client versions of Windows
#

---------------  T H R E A D  ---------------

Current thread (0x00000000194cb800):  JavaThread "C2 CompilerThread1" daemon [_thread_in_native, id=7088, stack(0x000000001ac40000,0x000000001ad40000)]

Stack: [0x000000001ac40000,0x000000001ad40000]
[error occurred during error reporting (printing stack bounds), id 0xc0000005]

Native frames: (J=compiled Java code, j=interpreted, Vv=VM code, C=native code)


Current CompileTask:
C2:  11512 5107       4       org.jetbrains.kotlin.com.intellij.lang.java.parser.ExpressionParser::parseExpression (241 bytes)


---------------  P R O C E S S  ---------------

Java Threads: ( => current thread )
  0x0000000019575000 JavaThread "Service Thread" daemon [_thread_blocked, id=19264, stack(0x000000001af40000,0x000000001b040000)]
  0x00000000194d3000 JavaThread "C1 CompilerThread3" daemon [_thread_blocked, id=3496, stack(0x000000001ae40000,0x000000001af40000)]
  0x00000000194d0000 JavaThread "C2 CompilerThread2" daemon [_thread_blocked, id=17340, stack(0x000000001ad40000,0x000000001ae40000)]
=>0x00000000194cb800 JavaThread "C2 CompilerThread1" daemon [_thread_in_native, id=7088, stack(0x000000001ac40000,0x000000001ad40000)]
  0x00000000194c0800 JavaThread "C2 CompilerThread0" daemon [_thread_in_native, id=1444, stack(0x000000001ab40000,0x000000001ac40000)]
  0x00000000194bf000 JavaThread "Attach Listener" daemon [_thread_blocked, id=2948, stack(0x000000001aa40000,0x000000001ab40000)]
  0x00000000194be000 JavaThread "Signal Dispatcher" daemon [_thread_blocked, id=10720, stack(0x000000001a940000,0x000000001aa40000)]
  0x0000000017de3800 JavaThread "Finalizer" daemon [_thread_blocked, id=4552, stack(0x000000001a720000,0x000000001a820000)]
  0x00000000194b3000 JavaThread "Reference Handler" daemon [_thread_blocked, id=6696, stack(0x000000001a620000,0x000000001a720000)]
  0x0000000002b76000 JavaThread "main" [_thread_in_vm, id=17584, stack(0x0000000002a70000,0x0000000002b70000)]

Other Threads:
  0x0000000002c6c800 VMThread [stack: 0x000000001a520000,0x000000001a620000] [id=17164]
  0x000000001957e800 WatcherThread [stack: 0x000000001b040000,0x000000001b140000] [id=17784]

VM state:not at safepoint (normal execution)

VM Mutex/Monitor currently owned by a thread: None

heap address: 0x0000000081e00000, size: 2018 MB, Compressed Oops mode: 32-bit
Narrow klass base: 0x0000000000000000, Narrow klass shift: 3
Compressed class space size: 1073741824 Address: 0x0000000100000000

Heap:
 PSYoungGen      total 52224K, used 40310K [0x00000000d5f80000, 0x00000000daa80000, 0x0000000100000000)
  eden space 47104K, 74% used [0x00000000d5f80000,0x00000000d81e1db8,0x00000000d8d80000)
  from space 5120K, 99% used [0x00000000da580000,0x00000000daa7bd90,0x00000000daa80000)
  to   space 5120K, 0% used [0x00000000da080000,0x00000000da080000,0x00000000da580000)
 ParOldGen       total 66048K, used 28401K [0x0000000081e00000, 0x0000000085e80000, 0x00000000d5f80000)
  object space 66048K, 43% used [0x0000000081e00000,0x00000000839bc600,0x0000000085e80000)
 Metaspace       used 46864K, capacity 47748K, committed 47872K, reserved 1091584K
  class space    used 5895K, capacity 6143K, committed 6144K, reserved 1048576K

Card table byte_map: [0x0000000012030000,0x0000000012430000] byte_map_base: 0x0000000011c21000

Marking Bits: (ParMarkBitMap*) 0x0000000076159f30
 Begin Bits: [0x00000000130e0000, 0x0000000015068000)
 End Bits:   [0x0000000015068000, 0x0000000016ff0000)

Polling page: 0x0000000000a20000

CodeCache: size=245760Kb used=14768Kb max_used=14815Kb free=230991Kb
 bounds [0x0000000002c70000, 0x0000000003b00000, 0x0000000011c70000]
 total_blobs=5091 nmethods=4631 adapters=373
 compilation: enabled

Compilation events (10 events):
Event: 11.456 Thread 0x00000000194d3000 5235       3       org.jetbrains.kotlin.com.intellij.util.containers.ConcurrentWeakKeySoftValueHashMap::createKeyReference (72 bytes)
Event: 11.457 Thread 0x00000000194d3000 nmethod 5235 0x000000000332a9d0 code [0x000000000332ab80, 0x000000000332b178]
Event: 11.457 Thread 0x00000000194d3000 5236       3       org.jetbrains.kotlin.com.intellij.util.containers.ConcurrentWeakKeySoftValueHashMap::createValueReference (36 bytes)
Event: 11.459 Thread 0x00000000194d3000 nmethod 5236 0x0000000003488750 code [0x0000000003488920, 0x0000000003488e48]
Event: 11.460 Thread 0x00000000194d3000 5237 %     3       org.jetbrains.kotlin.cli.jvm.index.JvmDependenciesIndexImpl::search @ 186 (393 bytes)
Event: 11.466 Thread 0x00000000194d3000 nmethod 5237% 0x00000000032e58d0 code [0x00000000032e5d80, 0x00000000032e8e78]
Event: 11.466 Thread 0x00000000194d3000 5238       3       org.jetbrains.kotlin.cli.jvm.compiler.CliVirtualFileFinder$findBinaryClass$1::invoke (13 bytes)
Event: 11.467 Thread 0x00000000194d3000 nmethod 5238 0x0000000003488110 code [0x0000000003488280, 0x0000000003488668]
Event: 11.467 Thread 0x00000000194d3000 5239       3       org.jetbrains.kotlin.cli.jvm.compiler.CliVirtualFileFinder$findBinaryClass$1::invoke (56 bytes)
Event: 11.468 Thread 0x00000000194d3000 nmethod 5239 0x00000000034877d0 code [0x0000000003487980, 0x0000000003487ed8]

GC Heap History (10 events):
Event: 6.115 GC heap before
{Heap before GC invocations=6 (full 1):
 PSYoungGen      total 52224K, used 52204K [0x00000000d5f80000, 0x00000000daa80000, 0x0000000100000000)
  eden space 47104K, 100% used [0x00000000d5f80000,0x00000000d8d80000,0x00000000d8d80000)
  from space 5120K, 99% used [0x00000000da580000,0x00000000daa7b348,0x00000000daa80000)
  to   space 5120K, 0% used [0x00000000da080000,0x00000000da080000,0x00000000da580000)
 ParOldGen       total 66048K, used 11204K [0x0000000081e00000, 0x0000000085e80000, 0x00000000d5f80000)
  object space 66048K, 16% used [0x0000000081e00000,0x00000000828f1020,0x0000000085e80000)
 Metaspace       used 31896K, capacity 32440K, committed 32640K, reserved 1077248K
  class space    used 4084K, capacity 4222K, committed 4224K, reserved 1048576K
Event: 6.140 GC heap after
Heap after GC invocations=6 (full 1):
 PSYoungGen      total 52224K, used 5090K [0x00000000d5f80000, 0x00000000daa80000, 0x0000000100000000)
  eden space 47104K, 0% used [0x00000000d5f80000,0x00000000d5f80000,0x00000000d8d80000)
  from space 5120K, 99% used [0x00000000da080000,0x00000000da578918,0x00000000da580000)
  to   space 5120K, 0% used [0x00000000da580000,0x00000000da580000,0x00000000daa80000)
 ParOldGen       total 66048K, used 22146K [0x0000000081e00000, 0x0000000085e80000, 0x00000000d5f80000)
  object space 66048K, 33% used [0x0000000081e00000,0x00000000833a0b88,0x0000000085e80000)
 Metaspace       used 31896K, capacity 32440K, committed 32640K, reserved 1077248K
  class space    used 4084K, capacity 4222K, committed 4224K, reserved 1048576K
}
Event: 6.702 GC heap before
{Heap before GC invocations=7 (full 1):
 PSYoungGen      total 52224K, used 16322K [0x00000000d5f80000, 0x00000000daa80000, 0x0000000100000000)
  eden space 47104K, 23% used [0x00000000d5f80000,0x00000000d6a781e0,0x00000000d8d80000)
  from space 5120K, 99% used [0x00000000da080000,0x00000000da578918,0x00000000da580000)
  to   space 5120K, 0% used [0x00000000da580000,0x00000000da580000,0x00000000daa80000)
 ParOldGen       total 66048K, used 22146K [0x0000000081e00000, 0x0000000085e80000, 0x00000000d5f80000)
  object space 66048K, 33% used [0x0000000081e00000,0x00000000833a0b88,0x0000000085e80000)
 Metaspace       used 34742K, capacity 35286K, committed 35456K, reserved 1079296K
  class space    used 4492K, capacity 4638K, committed 4736K, reserved 1048576K
Event: 6.716 GC heap after
Heap after GC invocations=7 (full 1):
 PSYoungGen      total 52224K, used 5099K [0x00000000d5f80000, 0x00000000daa80000, 0x0000000100000000)
  eden space 47104K, 0% used [0x00000000d5f80000,0x00000000d5f80000,0x00000000d8d80000)
  from space 5120K, 99% used [0x00000000da580000,0x00000000daa7add8,0x00000000daa80000)
  to   space 5120K, 0% used [0x00000000da080000,0x00000000da080000,0x00000000da580000)
 ParOldGen       total 66048K, used 25009K [0x0000000081e00000, 0x0000000085e80000, 0x00000000d5f80000)
  object space 66048K, 37% used [0x0000000081e00000,0x000000008366c650,0x0000000085e80000)
 Metaspace       used 34742K, capacity 35286K, committed 35456K, reserved 1079296K
  class space    used 4492K, capacity 4638K, committed 4736K, reserved 1048576K
}
Event: 6.716 GC heap before
{Heap before GC invocations=8 (full 2):
 PSYoungGen      total 52224K, used 5099K [0x00000000d5f80000, 0x00000000daa80000, 0x0000000100000000)
  eden space 47104K, 0% used [0x00000000d5f80000,0x00000000d5f80000,0x00000000d8d80000)
  from space 5120K, 99% used [0x00000000da580000,0x00000000daa7add8,0x00000000daa80000)
  to   space 5120K, 0% used [0x00000000da080000,0x00000000da080000,0x00000000da580000)
 ParOldGen       total 66048K, used 25009K [0x0000000081e00000, 0x0000000085e80000, 0x00000000d5f80000)
  object space 66048K, 37% used [0x0000000081e00000,0x000000008366c650,0x0000000085e80000)
 Metaspace       used 34742K, capacity 35286K, committed 35456K, reserved 1079296K
  class space    used 4492K, capacity 4638K, committed 4736K, reserved 1048576K
Event: 6.844 GC heap after
Heap after GC invocations=8 (full 2):
 PSYoungGen      total 52224K, used 0K [0x00000000d5f80000, 0x00000000daa80000, 0x0000000100000000)
  eden space 47104K, 0% used [0x00000000d5f80000,0x00000000d5f80000,0x00000000d8d80000)
  from space 5120K, 0% used [0x00000000da580000,0x00000000da580000,0x00000000daa80000)
  to   space 5120K, 0% used [0x00000000da080000,0x00000000da080000,0x00000000da580000)
 ParOldGen       total 66048K, used 16320K [0x0000000081e00000, 0x0000000085e80000, 0x00000000d5f80000)
  object space 66048K, 24% used [0x0000000081e00000,0x0000000082df02a8,0x0000000085e80000)
 Metaspace       used 34742K, capacity 35286K, committed 35456K, reserved 1079296K
  class space    used 4492K, capacity 4638K, committed 4736K, reserved 1048576K
}
Event: 7.765 GC heap before
{Heap before GC invocations=9 (full 2):
 PSYoungGen      total 52224K, used 47104K [0x00000000d5f80000, 0x00000000daa80000, 0x0000000100000000)
  eden space 47104K, 100% used [0x00000000d5f80000,0x00000000d8d80000,0x00000000d8d80000)
  from space 5120K, 0% used [0x00000000da580000,0x00000000da580000,0x00000000daa80000)
  to   space 5120K, 0% used [0x00000000da080000,0x00000000da080000,0x00000000da580000)
 ParOldGen       total 66048K, used 16320K [0x0000000081e00000, 0x0000000085e80000, 0x00000000d5f80000)
  object space 66048K, 24% used [0x0000000081e00000,0x0000000082df02a8,0x0000000085e80000)
 Metaspace       used 36788K, capacity 37358K, committed 37632K, reserved 1081344K
  class space    used 4681K, capacity 4832K, committed 4864K, reserved 1048576K
Event: 7.776 GC heap after
Heap after GC invocations=9 (full 2):
 PSYoungGen      total 52224K, used 5116K [0x00000000d5f80000, 0x00000000daa80000, 0x0000000100000000)
  eden space 47104K, 0% used [0x00000000d5f80000,0x00000000d5f80000,0x00000000d8d80000)
  from space 5120K, 99% used [0x00000000da080000,0x00000000da57f218,0x00000000da580000)
  to   space 5120K, 0% used [0x00000000da580000,0x00000000da580000,0x00000000daa80000)
 ParOldGen       total 66048K, used 18762K [0x0000000081e00000, 0x0000000085e80000, 0x00000000d5f80000)
  object space 66048K, 28% used [0x0000000081e00000,0x00000000830528d0,0x0000000085e80000)
 Metaspace       used 36788K, capacity 37358K, committed 37632K, reserved 1081344K
  class space    used 4681K, capacity 4832K, committed 4864K, reserved 1048576K
}
Event: 9.716 GC heap before
{Heap before GC invocations=10 (full 2):
 PSYoungGen      total 52224K, used 52220K [0x00000000d5f80000, 0x00000000daa80000, 0x0000000100000000)
  eden space 47104K, 100% used [0x00000000d5f80000,0x00000000d8d80000,0x00000000d8d80000)
  from space 5120K, 99% used [0x00000000da080000,0x00000000da57f218,0x00000000da580000)
  to   space 5120K, 0% used [0x00000000da580000,0x00000000da580000,0x00000000daa80000)
 ParOldGen       total 66048K, used 18762K [0x0000000081e00000, 0x0000000085e80000, 0x00000000d5f80000)
  object space 66048K, 28% used [0x0000000081e00000,0x00000000830528d0,0x0000000085e80000)
 Metaspace       used 40295K, capacity 40934K, committed 41216K, reserved 1085440K
  class space    used 4967K, capacity 5114K, committed 5120K, reserved 1048576K
Event: 9.737 GC heap after
Heap after GC invocations=10 (full 2):
 PSYoungGen      total 52224K, used 5103K [0x00000000d5f80000, 0x00000000daa80000, 0x0000000100000000)
  eden space 47104K, 0% used [0x00000000d5f80000,0x00000000d5f80000,0x00000000d8d80000)
  from space 5120K, 99% used [0x00000000da580000,0x00000000daa7bd90,0x00000000daa80000)
  to   space 5120K, 0% used [0x00000000da080000,0x00000000da080000,0x00000000da580000)
 ParOldGen       total 66048K, used 28401K [0x0000000081e00000, 0x0000000085e80000, 0x00000000d5f80000)
  object space 66048K, 43% used [0x0000000081e00000,0x00000000839bc600,0x0000000085e80000)
 Metaspace       used 40295K, capacity 40934K, committed 41216K, reserved 1085440K
  class space    used 4967K, capacity 5114K, committed 5120K, reserved 1048576K
}

Deoptimization events (10 events):
Event: 10.357 Thread 0x0000000002b76000 Uncommon trap: reason=unstable_if action=reinterpret pc=0x0000000002e402d0 method=org.jetbrains.kotlin.name.FqNameUnsafe.child(Lorg/jetbrains/kotlin/name/Name;)Lorg/jetbrains/kotlin/name/FqNameUnsafe; @ 13
Event: 10.365 Thread 0x0000000002b76000 Uncommon trap: reason=unstable_if action=reinterpret pc=0x0000000003902820 method=org.jetbrains.kotlin.serialization.deserialization.descriptors.DeserializedPackageMemberScope.hasClass(Lorg/jetbrains/kotlin/name/Name;)Z @ 107
Event: 10.656 Thread 0x0000000002b76000 Uncommon trap: reason=class_check action=maybe_recompile pc=0x000000000315eec4 method=org.jetbrains.kotlin.com.intellij.util.text.ByteArrayCharSequence.toBytesIfPossible(Ljava/lang/CharSequence;)[B @ 16
Event: 11.011 Thread 0x0000000002b76000 Uncommon trap: reason=unstable_if action=reinterpret pc=0x00000000033c95b0 method=org.jetbrains.kotlin.com.intellij.util.text.ImmutableText.charAt(I)C @ 6
Event: 11.148 Thread 0x0000000002b76000 Uncommon trap: reason=unstable_if action=reinterpret pc=0x0000000003414124 method=org.jetbrains.kotlin.com.intellij.lang.impl.PsiBuilderImpl.skipWhitespace()V @ 8
Event: 11.202 Thread 0x0000000002b76000 Uncommon trap: reason=unstable_if action=reinterpret pc=0x0000000003a85d5c method=org.jetbrains.kotlin.com.intellij.util.text.CharArrayUtil.getChars(Ljava/lang/CharSequence;[CIII)V @ 20
Event: 11.330 Thread 0x0000000002b76000 Uncommon trap: reason=class_check action=maybe_recompile pc=0x0000000003ad7d60 method=org.jetbrains.kotlin.com.intellij.psi.impl.source.tree.CompositeElement.getPsi()Lorg/jetbrains/kotlin/com/intellij/psi/PsiElement; @ 15
Event: 11.363 Thread 0x0000000002b76000 Uncommon trap: reason=class_check action=maybe_recompile pc=0x0000000003ad7d60 method=org.jetbrains.kotlin.com.intellij.psi.impl.source.tree.CompositeElement.getPsi()Lorg/jetbrains/kotlin/com/intellij/psi/PsiElement; @ 15
Event: 11.367 Thread 0x0000000002b76000 Uncommon trap: reason=class_check action=maybe_recompile pc=0x0000000003ad7d60 method=org.jetbrains.kotlin.com.intellij.psi.impl.source.tree.CompositeElement.getPsi()Lorg/jetbrains/kotlin/com/intellij/psi/PsiElement; @ 15
Event: 11.400 Thread 0x0000000002b76000 Uncommon trap: reason=class_check action=maybe_recompile pc=0x0000000003ad7d60 method=org.jetbrains.kotlin.com.intellij.psi.impl.source.tree.CompositeElement.getPsi()Lorg/jetbrains/kotlin/com/intellij/psi/PsiElement; @ 15

Classes redefined (0 events):
No events

Internal exceptions (10 events):
Event: 8.393 Thread 0x0000000002b76000 Implicit null exception at 0x00000000037090d4 to 0x00000000037093c9
Event: 8.393 Thread 0x0000000002b76000 Implicit null exception at 0x000000000371236f to 0x00000000037123ad
Event: 10.256 Thread 0x0000000002b76000 Exception <a 'java/lang/IncompatibleClassChangeError': Found class java.lang.Object, but interface was expected> (0x00000000d6c76e58) thrown at [D:\src\AOSP-openjdk-cygwin\jdk8u\hotspot\src\share\vm\interpreter\linkResolver.cpp, line 653]
Event: 11.011 Thread 0x0000000002b76000 Implicit null exception at 0x00000000033c94d0 to 0x00000000033c9599
Event: 11.204 Thread 0x0000000002b76000 Exception <a 'java/lang/NoSuchMethodError': java.lang.Object.lambda$static$0(I)[Lorg/jetbrains/kotlin/com/intellij/psi/PsiReference;> (0x00000000d7bf1208) thrown at [D:\src\AOSP-openjdk-cygwin\jdk8u\hotspot\src\share\vm\interpreter\linkResolver.cpp, line 
Event: 11.215 Thread 0x0000000002b76000 Exception <a 'java/lang/NoSuchMethodError': java.lang.Object.lambda$static$0(I)[Lorg/jetbrains/kotlin/com/intellij/psi/PsiTypeElement;> (0x00000000d7c29cb0) thrown at [D:\src\AOSP-openjdk-cygwin\jdk8u\hotspot\src\share\vm\interpreter\linkResolver.cpp, lin
Event: 11.365 Thread 0x0000000002b76000 Exception <a 'java/lang/NoSuchMethodError': java.lang.Object.lambda$static$0(I)[Lorg/jetbrains/kotlin/com/intellij/psi/PsiTypeParameter;> (0x00000000d7fa5880) thrown at [D:\src\AOSP-openjdk-cygwin\jdk8u\hotspot\src\share\vm\interpreter\linkResolver.cpp, l
Event: 11.411 Thread 0x0000000002b76000 Exception <a 'java/lang/NoSuchMethodError': java.lang.Object.lambda$static$0(I)[Lorg/jetbrains/kotlin/com/intellij/psi/PsiMethod;> (0x00000000d8080300) thrown at [D:\src\AOSP-openjdk-cygwin\jdk8u\hotspot\src\share\vm\interpreter\linkResolver.cpp, line 620
Event: 11.414 Thread 0x0000000002b76000 Exception <a 'java/lang/NoSuchMethodError': java.lang.Object.lambda$static$0(I)[Lorg/jetbrains/kotlin/com/intellij/psi/PsiField;> (0x00000000d808af00) thrown at [D:\src\AOSP-openjdk-cygwin\jdk8u\hotspot\src\share\vm\interpreter\linkResolver.cpp, line 620]
Event: 11.454 Thread 0x0000000002b76000 Exception <a 'java/lang/NoSuchMethodError': java.lang.Object.lambda$static$0(I)[Lorg/jetbrains/kotlin/com/intellij/psi/PsiJavaCodeReferenceElement;> (0x00000000d810daf8) thrown at [D:\src\AOSP-openjdk-cygwin\jdk8u\hotspot\src\share\vm\interpreter\linkReso

Events (10 events):
Event: 11.501 loading class org/jetbrains/kotlin/asJava/classes/ValueWrapper$Companion done
Event: 11.501 loading class org/jetbrains/kotlin/asJava/finder/JavaElementFinder$Companion$byClasspathComparator$1
Event: 11.501 loading class org/jetbrains/kotlin/asJava/finder/JavaElementFinder$Companion$byClasspathComparator$1 done
Event: 11.502 loading class org/jetbrains/kotlin/cli/jvm/compiler/KotlinCliJavaFileManagerImpl$findPsiClass$1
Event: 11.502 loading class org/jetbrains/kotlin/cli/jvm/compiler/KotlinCliJavaFileManagerImpl$findPsiClass$1 done
Event: 11.503 loading class org/jetbrains/kotlin/com/intellij/psi/ClassFileViewProvider
Event: 11.503 loading class org/jetbrains/kotlin/com/intellij/psi/ClassFileViewProvider done
Event: 11.504 loading class org/jetbrains/kotlin/com/intellij/psi/ClassFileViewProvider$1
Event: 11.505 loading class org/jetbrains/kotlin/com/intellij/psi/ClassFileViewProvider$1 done
Event: 11.505 Executing VM operation: Deoptimize


Dynamic libraries:
0x00007ff6e0bb0000 - 0x00007ff6e0be1000 	C:\Program Files\Android\Android Studio\jre\jre\bin\java.exe
0x00007ffeff6c0000 - 0x00007ffeff8b0000 	C:\WINDOWS\SYSTEM32\ntdll.dll
0x00007ffeff310000 - 0x00007ffeff3c2000 	C:\WINDOWS\System32\KERNEL32.DLL
0x00007ffefd2a0000 - 0x00007ffefd543000 	C:\WINDOWS\System32\KERNELBASE.dll
0x00007ffefe430000 - 0x00007ffefe4d3000 	C:\WINDOWS\System32\ADVAPI32.dll
0x00007ffefe200000 - 0x00007ffefe29e000 	C:\WINDOWS\System32\msvcrt.dll
0x00007ffeff570000 - 0x00007ffeff607000 	C:\WINDOWS\System32\sechost.dll
0x00007ffefd8a0000 - 0x00007ffefd9c0000 	C:\WINDOWS\System32\RPCRT4.dll
0x00007ffeff3d0000 - 0x00007ffeff563000 	C:\WINDOWS\System32\USER32.dll
0x00007ffefcfd0000 - 0x00007ffefcff1000 	C:\WINDOWS\System32\win32u.dll
0x00007ffefe400000 - 0x00007ffefe426000 	C:\WINDOWS\System32\GDI32.dll
0x00007ffefc650000 - 0x00007ffefc7e4000 	C:\WINDOWS\System32\gdi32full.dll
0x00007ffefd6a0000 - 0x00007ffefd73e000 	C:\WINDOWS\System32\msvcp_win.dll
0x00007ffefd000000 - 0x00007ffefd0fa000 	C:\WINDOWS\System32\ucrtbase.dll
0x00007ffee8a50000 - 0x00007ffee8cd5000 	C:\WINDOWS\WinSxS\amd64_microsoft.windows.common-controls_6595b64144ccf1df_6.0.18362.387_none_e6c5af5b130e4216\COMCTL32.dll
0x00007ffefd9c0000 - 0x00007ffefdcf6000 	C:\WINDOWS\System32\combase.dll
0x00007ffefd100000 - 0x00007ffefd180000 	C:\WINDOWS\System32\bcryptPrimitives.dll
0x00007ffefdd00000 - 0x00007ffefdd2e000 	C:\WINDOWS\System32\IMM32.DLL
0x0000000076950000 - 0x0000000076a22000 	C:\Program Files\Android\Android Studio\jre\jre\bin\msvcr100.dll
0x0000000075990000 - 0x00000000761d6000 	C:\Program Files\Android\Android Studio\jre\jre\bin\server\jvm.dll
0x00007ffefeae0000 - 0x00007ffefeae8000 	C:\WINDOWS\System32\PSAPI.DLL
0x00007ffecb330000 - 0x00007ffecb339000 	C:\WINDOWS\SYSTEM32\WSOCK32.dll
0x00007ffef6800000 - 0x00007ffef680a000 	C:\WINDOWS\SYSTEM32\VERSION.dll
0x00007ffef8bc0000 - 0x00007ffef8be4000 	C:\WINDOWS\SYSTEM32\WINMM.dll
0x00007ffefe2a0000 - 0x00007ffefe30f000 	C:\WINDOWS\System32\WS2_32.dll
0x00007ffef89b0000 - 0x00007ffef89dd000 	C:\WINDOWS\SYSTEM32\winmmbase.dll
0x00007ffefd230000 - 0x00007ffefd27a000 	C:\WINDOWS\System32\cfgmgr32.dll
0x00007ffef78d0000 - 0x00007ffef78df000 	C:\Program Files\Android\Android Studio\jre\jre\bin\verify.dll
0x00007ffeeb9b0000 - 0x00007ffeeb9d9000 	C:\Program Files\Android\Android Studio\jre\jre\bin\java.dll
0x00007ffef4610000 - 0x00007ffef4626000 	C:\Program Files\Android\Android Studio\jre\jre\bin\zip.dll
0x00007ffefec20000 - 0x00007ffeff305000 	C:\WINDOWS\System32\SHELL32.dll
0x00007ffefd7f0000 - 0x00007ffefd899000 	C:\WINDOWS\System32\shcore.dll
0x00007ffefc850000 - 0x00007ffefcfcf000 	C:\WINDOWS\System32\windows.storage.dll
0x00007ffefc5c0000 - 0x00007ffefc5df000 	C:\WINDOWS\System32\profapi.dll
0x00007ffefc5e0000 - 0x00007ffefc62a000 	C:\WINDOWS\System32\powrprof.dll
0x00007ffefc590000 - 0x00007ffefc5a0000 	C:\WINDOWS\System32\UMPDC.dll
0x00007ffefdd30000 - 0x00007ffefdd82000 	C:\WINDOWS\System32\shlwapi.dll
0x00007ffefc5a0000 - 0x00007ffefc5b1000 	C:\WINDOWS\System32\kernel.appcore.dll
0x00007ffefd280000 - 0x00007ffefd297000 	C:\WINDOWS\System32\cryptsp.dll
0x00007ffeebc00000 - 0x00007ffeebc1a000 	C:\Program Files\Android\Android Studio\jre\jre\bin\net.dll
0x00007ffefbe00000 - 0x00007ffefbe67000 	C:\WINDOWS\system32\mswsock.dll
0x00007ffeeb990000 - 0x00007ffeeb9a1000 	C:\Program Files\Android\Android Studio\jre\jre\bin\nio.dll

VM Arguments:
java_command: org.jetbrains.kotlin.cli.jvm.K2JVMCompiler -Xallow-no-source-files -classpath C:\Users\Luis Angel\.gradle\caches\modules-2\files-2.1\org.jetbrains.kotlin\kotlin-android-extensions-runtime\1.3.50\bec16087637a7cafe54894e73d38037977cb30d2\kotlin-android-extensions-runtime-1.3.50.jar;C:\Users\Luis Angel\.gradle\caches\modules-2\files-2.1\org.jetbrains.kotlin\kotlin-stdlib-jdk7\1.3.50\50ad05ea1c2595fb31b800e76db464d08d599af3\kotlin-stdlib-jdk7-1.3.50.jar;C:\Users\Luis Angel\.gradle\caches\transforms-2\files-2.1\6e79b837315733cc8dbae1fe66c17446\core-ktx-1.0.2\jars\classes.jar;C:\Users\Luis Angel\.gradle\caches\modules-2\files-2.1\org.jetbrains.kotlin\kotlin-stdlib\1.3.50\b529d1738c7e98bbfa36a4134039528f2ce78ebf\kotlin-stdlib-1.3.50.jar;C:\Users\Luis Angel\.gradle\caches\modules-2\files-2.1\org.jetbrains.kotlin\kotlin-stdlib-common\1.3.50\3d9cd3e1bc7b92e95f43d45be3bfbcf38e36ab87\kotlin-stdlib-common-1.3.50.jar;C:\Users\Luis Angel\.gradle\caches\modules-2\files-2.1\org.jetbrains\annotations\13.0\919f0dfe192fb4e063e7dacadee7f8bb9a2672a9\annotations-13.0.jar;C:\Users\Luis Angel\.gradle\caches\transforms-2\files-2.1\e9ae3774108b833d755ef0f4d315c971\appcompat-1.0.2\jars\classes.jar;C:\Users\Luis Angel\.gradle\caches\transforms-2\files-2.1\088e2541314166e3d17d6e7cf473ab0d\jetified-play-services-maps-16.1.0\jars\classes.jar;C:\Users\Luis Angel\.gradle\caches\transforms-2\files-2.1\3f0acfed257176cbe7c4a263c2d8855c\jetified-play-services-base-16.0.1\jars\classes.jar;C:\Users\Luis Angel\.gradle\caches\transforms-2\files-2.1\ae0d64b06f15c3ff264fac78a5995292\jetified-play-services-tasks-16.0.1\jars\classes.jar;C:\Users\Luis Angel\.gradle\caches\transforms-2\files-2.1\f6bc48f18f5deb4b4d72621df42a70ff\jetified-play-services-basement-16.0.1\jars\classes.jar;C:\Users\Luis Angel\.gradle\caches\transforms-2\files-2.1\828fd6090e4b4f7e6e519ac1a1c11984\legacy-support-v4-1.0.0\jars\classes.jar;C:\Users\Luis Angel\.gradle\caches\transforms-2\files-2.1\80957b3635333dcdd4a3bb619c8a
java_class_path (initial): C:\Users\Luis Angel\.gradle\caches\modules-2\files-2.1\org.jetbrains.kotlin\kotlin-compiler-embeddable\1.3.50\1251c1768e5769b06c2487d6f6cf8acf6efb8960\kotlin-compiler-embeddable-1.3.50.jar;C:\Users\Luis Angel\.gradle\caches\modules-2\files-2.1\org.jetbrains.kotlin\kotlin-reflect\1.3.50\b499f22fd7c3e9c2e5b6c4005221fa47fc7f9a7a\kotlin-reflect-1.3.50.jar;C:\Users\Luis Angel\.gradle\caches\modules-2\files-2.1\org.jetbrains.kotlin\kotlin-stdlib\1.3.50\b529d1738c7e98bbfa36a4134039528f2ce78ebf\kotlin-stdlib-1.3.50.jar;C:\Users\Luis Angel\.gradle\caches\modules-2\files-2.1\org.jetbrains.kotlin\kotlin-script-runtime\1.3.50\59492b8dfb92522ba0ddb5dd1c4d0ef0a4fca1af\kotlin-script-runtime-1.3.50.jar;C:\Users\Luis Angel\.gradle\caches\modules-2\files-2.1\org.jetbrains.kotlin\kotlin-daemon-embeddable\1.3.50\5cb93bb33f4c6f833ead0beca4c831668e00cf52\kotlin-daemon-embeddable-1.3.50.jar;C:\Users\Luis Angel\.gradle\caches\modules-2\files-2.1\org.jetbrains.intellij.deps\trove4j\1.0.20181211\216c2e14b070f334479d800987affe4054cd563f\trove4j-1.0.20181211.jar;C:\Users\Luis Angel\.gradle\caches\modules-2\files-2.1\org.jetbrains.kotlin\kotlin-stdlib-common\1.3.50\3d9cd3e1bc7b92e95f43d45be3bfbcf38e36ab87\kotlin-stdlib-common-1.3.50.jar;C:\Users\Luis Angel\.gradle\caches\modules-2\files-2.1\org.jetbrains\annotations\13.0\919f0dfe192fb4e063e7dacadee7f8bb9a2672a9\annotations-13.0.jar;C:\Program Files\Android\Android Studio\jre\lib\tools.jar
Launcher Type: SUN_STANDARD

Environment Variables:
PATH=C:\ProgramData\Oracle\Java\javapath;C:\Windows\system32;C:\Windows;C:\Windows\System32\Wbem;C:\Windows\System32\WindowsPowerShell\v1.0\;C:\Windows\System32\OpenSSH\;C:\Program Files (x86)\NVIDIA Corporation\PhysX\Common;C:\Program Files\NVIDIA Corporation\NVIDIA NvDLISR;C:\Program Files\nodejs\;C:\Program Files\Git\cmd;C:\WINDOWS\system32;C:\WINDOWS;C:\WINDOWS\System32\Wbem;C:\WINDOWS\System32\WindowsPowerShell\v1.0\;C:\WINDOWS\System32\OpenSSH\;C:\Program Files\Microsoft SQL Server\Client SDK\ODBC\130\Tools\Binn\;C:\Program Files (x86)\Microsoft SQL Server\140\Tools\Binn\;C:\Program Files\Microsoft SQL Server\140\Tools\Binn\;C:\Program Files\Microsoft SQL Server\140\DTS\Binn\;C:\Program Files\dotnet\;C:\Program Files\Microsoft SQL Server\130\Tools\Binn\;C:\Program Files\Microsoft SQL Server\Client SDK\ODBC\170\Tools\Binn\;C:\Users\Luis Angel\AppData\Local\Programs\Python\Python37-32\Scripts\;C:\Users\Luis Angel\AppData\Local\Programs\Python\Python37-32\;C:\Users\Luis Angel\AppData\Local\Microsoft\WindowsApps;;C:\Users\Luis Angel\AppData\Local\Programs\Microsoft VS Code\bin;C:\Users\Luis Angel\AppData\Roaming\npm;C:\Program Files\heroku\bin;C:\Users\Luis Angel\.dotnet\tools
USERNAME=Luis Angel
OS=Windows_NT
PROCESSOR_IDENTIFIER=Intel64 Family 6 Model 158 Stepping 10, GenuineIntel



---------------  S Y S T E M  ---------------

OS: Windows 10.0 , 64 bit Build 18362 (10.0.18362.329)

CPU:total 12 (initial active 12) (6 cores per cpu, 2 threads per core) family 6 model 158 stepping 10, cmov, cx8, fxsr, mmx, sse, sse2, sse3, ssse3, sse4.1, sse4.2, popcnt, avx, avx2, aes, clmul, erms, 3dnowpref, lzcnt, ht, tsc, tscinvbit, bmi1, bmi2, adx

Memory: 4k page, physical 8258868k(1070032k free), swap 10208564k(5816k free)

vm_info: OpenJDK 64-Bit Server VM (25.202-b03) for windows-amd64 JRE (1.8.0_202-release-1483-b03), built by "builder" with MS VC++ 10.0 (VS2010)

time: Thu Nov 07 09:15:14 2019
timezone: Hora estándar central (México)
elapsed time: 11 seconds (0d 0h 0m 11s)

